<?xml version="1.0" encoding="UTF-8"?>
<testng-results ignored="0" total="2" passed="2" failed="0" skipped="0">
  <reporter-output>
  </reporter-output>
  <suite started-at="2021-04-04T19:23:29 MSK" name="Surefire suite" finished-at="2021-04-04T19:23:29 MSK" duration-ms="30">
    <groups>
    </groups>
    <test started-at="2021-04-04T19:23:29 MSK" name="Surefire test" finished-at="2021-04-04T19:23:29 MSK" duration-ms="30">
      <class name="qaclickacademy.MavenJava.AppTest">
        <test-method signature="showMeTest()" started-at="2021-04-04T19:23:29 MSK" name="showMeTest" finished-at="2021-04-04T19:23:29 MSK" duration-ms="5" status="PASS">
          <reporter-output>
          </reporter-output>
        </test-method> <!-- showMeTest -->
        <test-method signature="shouldAnswerWithTrue()" started-at="2021-04-04T19:23:29 MSK" name="shouldAnswerWithTrue" finished-at="2021-04-04T19:23:29 MSK" duration-ms="4" status="PASS">
          <reporter-output>
          </reporter-output>
        </test-method> <!-- shouldAnswerWithTrue -->
      </class> <!-- qaclickacademy.MavenJava.AppTest -->
    </test> <!-- Surefire test -->
  </suite> <!-- Surefire suite -->
</testng-results>
