<?xml version="1.0" encoding="UTF-8"?>
<!-- Generated by org.testng.reporters.JUnitXMLReporter -->
<testsuite ignored="0" hostname="WIN-L6HVEAI00BH" failures="0" tests="2" name="Surefire test" time="0.039" errors="0" timestamp="2021-04-04T19:21:35 MSK">
  <testcase classname="qaclickacademy.MavenJava.AppTest" name="shouldAnswerWithTrue on shouldAnswerWithTrue(qaclickacademy.MavenJava.AppTest)" time="0.006"/>
  <testcase classname="qaclickacademy.MavenJava.AppTest" name="showMeTest on showMeTest(qaclickacademy.MavenJava.AppTest)" time="0.006"/>
</testsuite> <!-- Surefire test -->
