<?xml version="1.0" encoding="UTF-8"?>
<!-- Generated by org.testng.reporters.JUnitXMLReporter -->
<testsuite ignored="0" hostname="WIN-L6HVEAI00BH" failures="0" tests="4" name="Surefire test" time="0.032" errors="0" timestamp="2021-04-04T19:23:28 MSK">
  <testcase classname="qaclickacademy.MavenJava.AppiumTest" name="IOSApps" time="0.003"/>
  <testcase classname="qaclickacademy.MavenJava.AppiumTest" name="nativeAppAndroid" time="0.0"/>
  <testcase classname="qaclickacademy.MavenJava.SeleniumTest" name="BrowserAutomation" time="0.001"/>
  <testcase classname="qaclickacademy.MavenJava.SeleniumTest" name="elementsUI" time="0.0"/>
</testsuite> <!-- Surefire test -->
