<?xml version="1.0" encoding="UTF-8"?>
<testng-results ignored="0" total="4" passed="4" failed="0" skipped="0">
  <reporter-output>
  </reporter-output>
  <suite started-at="2021-04-04T19:23:28 MSK" name="Surefire suite" finished-at="2021-04-04T19:23:28 MSK" duration-ms="32">
    <groups>
    </groups>
    <test started-at="2021-04-04T19:23:28 MSK" name="Surefire test" finished-at="2021-04-04T19:23:28 MSK" duration-ms="32">
      <class name="qaclickacademy.MavenJava.SeleniumTest">
        <test-method signature="BrowserAutomation()[pri:0, instance:qaclickacademy.MavenJava.SeleniumTest@341b80b2]" started-at="2021-04-04T19:23:28 MSK" name="BrowserAutomation" finished-at="2021-04-04T19:23:28 MSK" duration-ms="1" status="PASS">
          <reporter-output>
          </reporter-output>
        </test-method> <!-- BrowserAutomation -->
        <test-method signature="elementsUI()[pri:0, instance:qaclickacademy.MavenJava.SeleniumTest@341b80b2]" started-at="2021-04-04T19:23:28 MSK" name="elementsUI" finished-at="2021-04-04T19:23:28 MSK" duration-ms="0" status="PASS">
          <reporter-output>
          </reporter-output>
        </test-method> <!-- elementsUI -->
      </class> <!-- qaclickacademy.MavenJava.SeleniumTest -->
      <class name="qaclickacademy.MavenJava.AppiumTest">
        <test-method signature="IOSApps()[pri:0, instance:qaclickacademy.MavenJava.AppiumTest@55040f2f]" started-at="2021-04-04T19:23:28 MSK" name="IOSApps" finished-at="2021-04-04T19:23:28 MSK" duration-ms="3" status="PASS">
          <reporter-output>
          </reporter-output>
        </test-method> <!-- IOSApps -->
        <test-method signature="nativeAppAndroid()[pri:0, instance:qaclickacademy.MavenJava.AppiumTest@55040f2f]" started-at="2021-04-04T19:23:28 MSK" name="nativeAppAndroid" finished-at="2021-04-04T19:23:28 MSK" duration-ms="0" status="PASS">
          <reporter-output>
          </reporter-output>
        </test-method> <!-- nativeAppAndroid -->
      </class> <!-- qaclickacademy.MavenJava.AppiumTest -->
    </test> <!-- Surefire test -->
  </suite> <!-- Surefire suite -->
</testng-results>
