<?xml version="1.0" encoding="UTF-8"?>
<!-- Generated by org.testng.reporters.JUnitXMLReporter -->
<testsuite ignored="0" hostname="WIN-L6HVEAI00BH" failures="0" tests="4" name="Test" time="0.034" errors="0" timestamp="2021-04-04T19:47:10 MSK">
  <testcase classname="qaclickacademy.MavenJava.RESTAPI_test" name="deleteTwitter" time="0.003"/>
  <testcase classname="qaclickacademy.MavenJava.RESTAPI_test" name="postJira" time="0.0"/>
  <testcase classname="qaclickacademy.MavenJava.SeleniumTest" name="BrowserAutomation" time="0.0"/>
  <testcase classname="qaclickacademy.MavenJava.SeleniumTest" name="elementsUI" time="0.0"/>
</testsuite> <!-- Test -->
